\BOOKMARK [0][-]{section*.1}{Indice}{}% 1
\BOOKMARK [0][-]{chapter.1}{Gruppi}{}% 2
\BOOKMARK [1][-]{section.1.1}{Introduzione ai gruppi}{chapter.1}% 3
\BOOKMARK [1][-]{section.1.2}{Sottogruppi}{chapter.1}% 4
\BOOKMARK [1][-]{section.1.3}{Generatori e gruppi ciclici}{chapter.1}% 5
\BOOKMARK [1][-]{section.1.4}{Omomorfismi di gruppi}{chapter.1}% 6
\BOOKMARK [-1][-]{part.1}{Algebra I}{}% 7
\BOOKMARK [0][-]{chapter.2}{Teoria dei Gruppi}{part.1}% 8
\BOOKMARK [1][-]{section.2.1}{Gruppi e generatori}{chapter.2}% 9
\BOOKMARK [1][-]{section.2.2}{Gruppo diedrale}{chapter.2}% 10
\BOOKMARK [1][-]{section.2.3}{Automorfismi di un gruppo}{chapter.2}% 11
\BOOKMARK [1][-]{section.2.4}{Azioni di gruppo}{chapter.2}% 12
\BOOKMARK [1][-]{section.2.5}{Alcuni risultati che derivano da azioni di gruppo}{chapter.2}% 13
\BOOKMARK [1][-]{section.2.6}{Sottogruppo derivato}{chapter.2}% 14
\BOOKMARK [1][-]{section.2.7}{Presentazioni di gruppo}{chapter.2}% 15
\BOOKMARK [1][-]{section.2.8}{Gruppi di permutazioni}{chapter.2}% 16
\BOOKMARK [1][-]{section.2.9}{Decomposizione in prodotti diretti e semidiretti}{chapter.2}% 17
\BOOKMARK [0][-]{chapter.3}{Teoria degli Anelli}{part.1}% 18
\BOOKMARK [1][-]{section.3.1}{Anelli ed Ideali}{chapter.3}% 19
\BOOKMARK [1][-]{section.3.2}{Omomorfismi di anello}{chapter.3}% 20
\BOOKMARK [1][-]{section.3.3}{Ideali primi e massimali}{chapter.3}% 21
\BOOKMARK [1][-]{section.3.4}{Anello delle frazioni}{chapter.3}% 22
\BOOKMARK [1][-]{section.3.5}{Divisibilit\340 nei domini}{chapter.3}% 23
\BOOKMARK [1][-]{section.3.6}{Categorie di anelli}{chapter.3}% 24
\BOOKMARK [1][-]{section.3.7}{Polinomi come UFD}{chapter.3}% 25
\BOOKMARK [0][-]{chapter.4}{Teoria dei Campi}{part.1}% 26
\BOOKMARK [1][-]{section.4.1}{Estensioni di campi}{chapter.4}% 27
\BOOKMARK [1][-]{section.4.2}{Chiusura algebrica e campi di spezzamento}{chapter.4}% 28
\BOOKMARK [1][-]{section.4.3}{Campi finiti}{chapter.4}% 29
\BOOKMARK [1][-]{section.4.4}{Estensioni quadratiche}{chapter.4}% 30
\BOOKMARK [1][-]{section.4.5}{Estensione di omomorfismi}{chapter.4}% 31
\BOOKMARK [1][-]{section.4.6}{Estensioni normali}{chapter.4}% 32
